{"/Users/leslie/Desktop/GoingMerry/src/app/config.ts": {"path":"/Users/leslie/Desktop/GoingMerry/src/app/config.ts","statementMap":{"0":{"start":{"line":1,"column":0},"end":{"line":1,"column":19}},"1":{"start":{"line":2,"column":0},"end":{"line":2,"column":23}},"2":{"start":{"line":3,"column":0},"end":{"line":3,"column":27}},"3":{"start":{"line":5,"column":0},"end":{"line":5,"column":null}},"4":{"start":{"line":7,"column":13},"end":{"line":7,"column":null}},"5":{"start":{"line":8,"column":13},"end":{"line":8,"column":null}},"6":{"start":{"line":9,"column":13},"end":{"line":9,"column":null}},"7":{"start":{"line":11,"column":13},"end":{"line":11,"column":null}},"8":{"start":{"line":12,"column":13},"end":{"line":12,"column":null}},"9":{"start":{"line":13,"column":13},"end":{"line":13,"column":null}},"10":{"start":{"line":14,"column":13},"end":{"line":14,"column":null}},"11":{"start":{"line":16,"column":13},"end":{"line":16,"column":null}},"12":{"start":{"line":17,"column":13},"end":{"line":17,"column":null}}},"fnMap":{},"branchMap":{},"s":{"0":1,"1":1,"2":1,"3":1,"4":1,"5":1,"6":1,"7":1,"8":1,"9":1,"10":1,"11":1,"12":1},"f":{},"b":{}}
,"/Users/leslie/Desktop/GoingMerry/src/app/database.ts": {"path":"/Users/leslie/Desktop/GoingMerry/src/app/database.ts","statementMap":{"0":{"start":{"line":1,"column":0},"end":{"line":1,"column":51}},"1":{"start":{"line":2,"column":0},"end":{"line":2,"column":93}},"2":{"start":{"line":4,"column":19},"end":{"line":10,"column":2}},"3":{"start":{"line":12,"column":0},"end":{"line":15,"column":null}},"4":{"start":{"line":13,"column":2},"end":{"line":13,"column":null}},"5":{"start":{"line":13,"column":11},"end":{"line":13,"column":null}},"6":{"start":{"line":14,"column":2},"end":{"line":14,"column":null}},"7":{"start":{"line":17,"column":0},"end":{"line":17,"column":null}}},"fnMap":{"0":{"name":"(anonymous_0)","decl":{"start":{"line":12,"column":25},"end":{"line":12,"column":26}},"loc":{"start":{"line":12,"column":75},"end":{"line":15,"column":1}}}},"branchMap":{"0":{"loc":{"start":{"line":13,"column":2},"end":{"line":13,"column":null}},"type":"if","locations":[{"start":{"line":13,"column":2},"end":{"line":13,"column":null}}]}},"s":{"0":1,"1":1,"2":1,"3":1,"4":1,"5":0,"6":1,"7":1},"f":{"0":1},"b":{"0":[0]}}
,"/Users/leslie/Desktop/GoingMerry/src/app/errorHandler.ts": {"path":"/Users/leslie/Desktop/GoingMerry/src/app/errorHandler.ts","statementMap":{"0":{"start":{"line":1,"column":0},"end":{"line":1,"column":53}},"1":{"start":{"line":2,"column":0},"end":{"line":2,"column":40}},"2":{"start":{"line":5,"column":21},"end":{"line":8,"column":1}},"3":{"start":{"line":6,"column":2},"end":{"line":6,"column":null}},"4":{"start":{"line":7,"column":2},"end":{"line":7,"column":null}},"5":{"start":{"line":10,"column":0},"end":{"line":10,"column":null}}},"fnMap":{"0":{"name":"(anonymous_0)","decl":{"start":{"line":5,"column":21},"end":{"line":5,"column":22}},"loc":{"start":{"line":5,"column":52},"end":{"line":8,"column":1}}}},"branchMap":{"0":{"loc":{"start":{"line":6,"column":15},"end":{"line":6,"column":70}},"type":"binary-expr","locations":[{"start":{"line":6,"column":15},"end":{"line":6,"column":63}},{"start":{"line":6,"column":67},"end":{"line":6,"column":70}}]},"1":{"loc":{"start":{"line":7,"column":28},"end":{"line":7,"column":96}},"type":"binary-expr","locations":[{"start":{"line":7,"column":28},"end":{"line":7,"column":77}},{"start":{"line":7,"column":81},"end":{"line":7,"column":96}}]}},"s":{"0":1,"1":1,"2":1,"3":5,"4":5,"5":1},"f":{"0":5},"b":{"0":[5,0],"1":[5,0]}}
,"/Users/leslie/Desktop/GoingMerry/src/app/index.ts": {"path":"/Users/leslie/Desktop/GoingMerry/src/app/index.ts","statementMap":{"0":{"start":{"line":1,"column":0},"end":{"line":1,"column":21}},"1":{"start":{"line":2,"column":0},"end":{"line":2,"column":38}},"2":{"start":{"line":3,"column":0},"end":{"line":3,"column":32}},"3":{"start":{"line":4,"column":0},"end":{"line":4,"column":41}},"4":{"start":{"line":6,"column":12},"end":{"line":6,"column":21}},"5":{"start":{"line":8,"column":0},"end":{"line":8,"column":null}},"6":{"start":{"line":9,"column":0},"end":{"line":9,"column":null}},"7":{"start":{"line":11,"column":0},"end":{"line":11,"column":null}},"8":{"start":{"line":13,"column":0},"end":{"line":13,"column":null}}},"fnMap":{},"branchMap":{},"s":{"0":1,"1":1,"2":1,"3":1,"4":1,"5":1,"6":1,"7":1,"8":1},"f":{},"b":{}}
,"/Users/leslie/Desktop/GoingMerry/src/constants/errorType.ts": {"path":"/Users/leslie/Desktop/GoingMerry/src/constants/errorType.ts","statementMap":{"0":{"start":{"line":18,"column":13},"end":{"line":59,"column":null}}},"fnMap":{},"branchMap":{},"s":{"0":1},"f":{},"b":{}}
,"/Users/leslie/Desktop/GoingMerry/src/constants/index.ts": {"path":"/Users/leslie/Desktop/GoingMerry/src/constants/index.ts","statementMap":{"0":{"start":{"line":1,"column":0},"end":{"line":1,"column":27}}},"fnMap":{},"branchMap":{},"s":{"0":1},"f":{},"b":{}}
,"/Users/leslie/Desktop/GoingMerry/src/controller/blog.controller.ts": {"path":"/Users/leslie/Desktop/GoingMerry/src/controller/blog.controller.ts","statementMap":{"0":{"start":{"line":2,"column":0},"end":{"line":2,"column":57}},"1":{"start":{"line":3,"column":0},"end":{"line":3,"column":64}},"2":{"start":{"line":6,"column":33},"end":{"line":16,"column":1}},"3":{"start":{"line":7,"column":25},"end":{"line":7,"column":34}},"4":{"start":{"line":8,"column":2},"end":{"line":8,"column":null}},"5":{"start":{"line":8,"column":37},"end":{"line":8,"column":null}},"6":{"start":{"line":9,"column":2},"end":{"line":9,"column":null}},"7":{"start":{"line":9,"column":39},"end":{"line":9,"column":null}},"8":{"start":{"line":10,"column":19},"end":{"line":10,"column":68}},"9":{"start":{"line":11,"column":2},"end":{"line":15,"column":null}},"10":{"start":{"line":6,"column":13},"end":{"line":6,"column":33}},"11":{"start":{"line":18,"column":32},"end":{"line":25,"column":1}},"12":{"start":{"line":19,"column":17},"end":{"line":22,"column":null}},"13":{"start":{"line":23,"column":2},"end":{"line":23,"column":null}},"14":{"start":{"line":24,"column":2},"end":{"line":24,"column":null}},"15":{"start":{"line":18,"column":13},"end":{"line":18,"column":32}}},"fnMap":{"0":{"name":"(anonymous_0)","decl":{"start":{"line":6,"column":33},"end":{"line":6,"column":38}},"loc":{"start":{"line":6,"column":56},"end":{"line":16,"column":1}}},"1":{"name":"(anonymous_1)","decl":{"start":{"line":18,"column":32},"end":{"line":18,"column":37}},"loc":{"start":{"line":18,"column":55},"end":{"line":25,"column":1}}}},"branchMap":{"0":{"loc":{"start":{"line":8,"column":2},"end":{"line":8,"column":null}},"type":"if","locations":[{"start":{"line":8,"column":2},"end":{"line":8,"column":null}}]},"1":{"loc":{"start":{"line":8,"column":6},"end":{"line":8,"column":35}},"type":"binary-expr","locations":[{"start":{"line":8,"column":6},"end":{"line":8,"column":23}},{"start":{"line":8,"column":27},"end":{"line":8,"column":35}}]},"2":{"loc":{"start":{"line":9,"column":2},"end":{"line":9,"column":null}},"type":"if","locations":[{"start":{"line":9,"column":2},"end":{"line":9,"column":null}}]},"3":{"loc":{"start":{"line":9,"column":6},"end":{"line":9,"column":37}},"type":"binary-expr","locations":[{"start":{"line":9,"column":6},"end":{"line":9,"column":24}},{"start":{"line":9,"column":28},"end":{"line":9,"column":37}}]}},"s":{"0":1,"1":1,"2":1,"3":0,"4":0,"5":0,"6":0,"7":0,"8":0,"9":0,"10":1,"11":1,"12":1,"13":1,"14":1,"15":1},"f":{"0":0,"1":1},"b":{"0":[0],"1":[0,0],"2":[0],"3":[0,0]}}
,"/Users/leslie/Desktop/GoingMerry/src/controller/index.ts": {"path":"/Users/leslie/Desktop/GoingMerry/src/controller/index.ts","statementMap":{"0":{"start":{"line":1,"column":0},"end":{"line":1,"column":33}}},"fnMap":{},"branchMap":{},"s":{"0":1},"f":{},"b":{}}
,"/Users/leslie/Desktop/GoingMerry/src/controller/user.controller.ts": {"path":"/Users/leslie/Desktop/GoingMerry/src/controller/user.controller.ts","statementMap":{"0":{"start":{"line":1,"column":0},"end":{"line":1,"column":35}},"1":{"start":{"line":2,"column":0},"end":{"line":2,"column":38}},"2":{"start":{"line":3,"column":0},"end":{"line":3,"column":42}},"3":{"start":{"line":4,"column":0},"end":{"line":4,"column":42}},"4":{"start":{"line":8,"column":27},"end":{"line":15,"column":1}},"5":{"start":{"line":9,"column":27},"end":{"line":9,"column":35}},"6":{"start":{"line":10,"column":16},"end":{"line":13,"column":4}},"7":{"start":{"line":14,"column":2},"end":{"line":14,"column":null}},"8":{"start":{"line":8,"column":13},"end":{"line":8,"column":27}},"9":{"start":{"line":17,"column":30},"end":{"line":21,"column":1}},"10":{"start":{"line":18,"column":33},"end":{"line":18,"column":49}},"11":{"start":{"line":19,"column":2},"end":{"line":19,"column":null}},"12":{"start":{"line":20,"column":2},"end":{"line":20,"column":null}},"13":{"start":{"line":17,"column":13},"end":{"line":17,"column":30}},"14":{"start":{"line":23,"column":26},"end":{"line":28,"column":1}},"15":{"start":{"line":24,"column":16},"end":{"line":27,"column":4}},"16":{"start":{"line":23,"column":13},"end":{"line":23,"column":26}}},"fnMap":{"0":{"name":"(anonymous_0)","decl":{"start":{"line":8,"column":27},"end":{"line":8,"column":32}},"loc":{"start":{"line":8,"column":50},"end":{"line":15,"column":1}}},"1":{"name":"(anonymous_1)","decl":{"start":{"line":17,"column":30},"end":{"line":17,"column":35}},"loc":{"start":{"line":17,"column":75},"end":{"line":21,"column":1}}},"2":{"name":"(anonymous_2)","decl":{"start":{"line":23,"column":26},"end":{"line":23,"column":31}},"loc":{"start":{"line":23,"column":49},"end":{"line":28,"column":1}}}},"branchMap":{},"s":{"0":1,"1":1,"2":1,"3":1,"4":1,"5":0,"6":0,"7":0,"8":1,"9":1,"10":0,"11":0,"12":0,"13":1,"14":1,"15":0,"16":1},"f":{"0":0,"1":0,"2":0},"b":{}}
,"/Users/leslie/Desktop/GoingMerry/src/middleware/blog.middleware.ts": {"path":"/Users/leslie/Desktop/GoingMerry/src/middleware/blog.middleware.ts","statementMap":{"0":{"start":{"line":2,"column":0},"end":{"line":2,"column":39}},"1":{"start":{"line":5,"column":30},"end":{"line":11,"column":1}},"2":{"start":{"line":7,"column":35},"end":{"line":7,"column":51}},"3":{"start":{"line":8,"column":2},"end":{"line":8,"column":null}},"4":{"start":{"line":8,"column":35},"end":{"line":8,"column":null}},"5":{"start":{"line":9,"column":2},"end":{"line":9,"column":null}},"6":{"start":{"line":9,"column":45},"end":{"line":9,"column":null}},"7":{"start":{"line":10,"column":2},"end":{"line":10,"column":null}},"8":{"start":{"line":5,"column":13},"end":{"line":5,"column":30}}},"fnMap":{"0":{"name":"(anonymous_0)","decl":{"start":{"line":5,"column":30},"end":{"line":5,"column":35}},"loc":{"start":{"line":5,"column":65},"end":{"line":11,"column":1}}}},"branchMap":{"0":{"loc":{"start":{"line":8,"column":2},"end":{"line":8,"column":null}},"type":"if","locations":[{"start":{"line":8,"column":2},"end":{"line":8,"column":null}}]},"1":{"loc":{"start":{"line":8,"column":6},"end":{"line":8,"column":33}},"type":"binary-expr","locations":[{"start":{"line":8,"column":6},"end":{"line":8,"column":12}},{"start":{"line":8,"column":16},"end":{"line":8,"column":24}},{"start":{"line":8,"column":28},"end":{"line":8,"column":33}}]},"2":{"loc":{"start":{"line":9,"column":2},"end":{"line":9,"column":null}},"type":"if","locations":[{"start":{"line":9,"column":2},"end":{"line":9,"column":null}}]}},"s":{"0":1,"1":1,"2":5,"3":5,"4":4,"5":1,"6":0,"7":1,"8":1},"f":{"0":5},"b":{"0":[4],"1":[5,4,1],"2":[0]}}
,"/Users/leslie/Desktop/GoingMerry/src/middleware/index.ts": {"path":"/Users/leslie/Desktop/GoingMerry/src/middleware/index.ts","statementMap":{"0":{"start":{"line":1,"column":0},"end":{"line":1,"column":33}}},"fnMap":{},"branchMap":{},"s":{"0":1},"f":{},"b":{}}
,"/Users/leslie/Desktop/GoingMerry/src/middleware/user.middleware.ts": {"path":"/Users/leslie/Desktop/GoingMerry/src/middleware/user.middleware.ts","statementMap":{"0":{"start":{"line":1,"column":0},"end":{"line":1,"column":50}},"1":{"start":{"line":2,"column":0},"end":{"line":2,"column":39}},"2":{"start":{"line":3,"column":0},"end":{"line":3,"column":48}},"3":{"start":{"line":4,"column":0},"end":{"line":4,"column":41}},"4":{"start":{"line":9,"column":35},"end":{"line":18,"column":1}},"5":{"start":{"line":11,"column":33},"end":{"line":11,"column":49}},"6":{"start":{"line":12,"column":2},"end":{"line":12,"column":null}},"7":{"start":{"line":12,"column":30},"end":{"line":12,"column":null}},"8":{"start":{"line":13,"column":15},"end":{"line":13,"column":42}},"9":{"start":{"line":14,"column":2},"end":{"line":14,"column":null}},"10":{"start":{"line":14,"column":13},"end":{"line":14,"column":null}},"11":{"start":{"line":15,"column":2},"end":{"line":15,"column":null}},"12":{"start":{"line":15,"column":43},"end":{"line":15,"column":null}},"13":{"start":{"line":16,"column":2},"end":{"line":16,"column":null}},"14":{"start":{"line":17,"column":2},"end":{"line":17,"column":null}},"15":{"start":{"line":9,"column":13},"end":{"line":9,"column":35}},"16":{"start":{"line":21,"column":38},"end":{"line":29,"column":1}},"17":{"start":{"line":23,"column":50},"end":{"line":23,"column":66}},"18":{"start":{"line":24,"column":2},"end":{"line":24,"column":null}},"19":{"start":{"line":24,"column":50},"end":{"line":24,"column":null}},"20":{"start":{"line":25,"column":2},"end":{"line":25,"column":null}},"21":{"start":{"line":25,"column":36},"end":{"line":25,"column":null}},"22":{"start":{"line":26,"column":15},"end":{"line":26,"column":42}},"23":{"start":{"line":27,"column":2},"end":{"line":27,"column":null}},"24":{"start":{"line":27,"column":12},"end":{"line":27,"column":null}},"25":{"start":{"line":28,"column":2},"end":{"line":28,"column":null}},"26":{"start":{"line":21,"column":13},"end":{"line":21,"column":38}},"27":{"start":{"line":32,"column":31},"end":{"line":38,"column":1}},"28":{"start":{"line":34,"column":23},"end":{"line":34,"column":39}},"29":{"start":{"line":36,"column":2},"end":{"line":36,"column":null}},"30":{"start":{"line":37,"column":2},"end":{"line":37,"column":null}},"31":{"start":{"line":32,"column":13},"end":{"line":32,"column":31}},"32":{"start":{"line":41,"column":25},"end":{"line":51,"column":1}},"33":{"start":{"line":42,"column":24},"end":{"line":42,"column":49}},"34":{"start":{"line":43,"column":2},"end":{"line":43,"column":null}},"35":{"start":{"line":43,"column":22},"end":{"line":43,"column":null}},"36":{"start":{"line":44,"column":2},"end":{"line":50,"column":null}},"37":{"start":{"line":45,"column":18},"end":{"line":45,"column":54}},"38":{"start":{"line":46,"column":4},"end":{"line":46,"column":null}},"39":{"start":{"line":47,"column":4},"end":{"line":47,"column":null}},"40":{"start":{"line":49,"column":4},"end":{"line":49,"column":null}},"41":{"start":{"line":41,"column":13},"end":{"line":41,"column":25}},"42":{"start":{"line":54,"column":26},"end":{"line":65,"column":1}},"43":{"start":{"line":55,"column":2},"end":{"line":55,"column":null}},"44":{"start":{"line":55,"column":16},"end":{"line":55,"column":null}},"45":{"start":{"line":56,"column":24},"end":{"line":56,"column":49}},"46":{"start":{"line":57,"column":2},"end":{"line":57,"column":null}},"47":{"start":{"line":57,"column":22},"end":{"line":57,"column":null}},"48":{"start":{"line":58,"column":2},"end":{"line":64,"column":null}},"49":{"start":{"line":59,"column":18},"end":{"line":59,"column":54}},"50":{"start":{"line":60,"column":4},"end":{"line":60,"column":null}},"51":{"start":{"line":61,"column":4},"end":{"line":61,"column":null}},"52":{"start":{"line":63,"column":4},"end":{"line":63,"column":null}},"53":{"start":{"line":54,"column":13},"end":{"line":54,"column":26}}},"fnMap":{"0":{"name":"(anonymous_0)","decl":{"start":{"line":9,"column":35},"end":{"line":9,"column":40}},"loc":{"start":{"line":9,"column":70},"end":{"line":18,"column":1}}},"1":{"name":"(anonymous_1)","decl":{"start":{"line":21,"column":38},"end":{"line":21,"column":43}},"loc":{"start":{"line":21,"column":73},"end":{"line":29,"column":1}}},"2":{"name":"(anonymous_2)","decl":{"start":{"line":32,"column":31},"end":{"line":32,"column":36}},"loc":{"start":{"line":32,"column":66},"end":{"line":38,"column":1}}},"3":{"name":"(anonymous_3)","decl":{"start":{"line":41,"column":25},"end":{"line":41,"column":30}},"loc":{"start":{"line":41,"column":60},"end":{"line":51,"column":1}}},"4":{"name":"(anonymous_4)","decl":{"start":{"line":54,"column":26},"end":{"line":54,"column":31}},"loc":{"start":{"line":54,"column":61},"end":{"line":65,"column":1}}}},"branchMap":{"0":{"loc":{"start":{"line":12,"column":2},"end":{"line":12,"column":null}},"type":"if","locations":[{"start":{"line":12,"column":2},"end":{"line":12,"column":null}}]},"1":{"loc":{"start":{"line":12,"column":6},"end":{"line":12,"column":28}},"type":"binary-expr","locations":[{"start":{"line":12,"column":6},"end":{"line":12,"column":15}},{"start":{"line":12,"column":19},"end":{"line":12,"column":28}}]},"2":{"loc":{"start":{"line":14,"column":2},"end":{"line":14,"column":null}},"type":"if","locations":[{"start":{"line":14,"column":2},"end":{"line":14,"column":null}}]},"3":{"loc":{"start":{"line":15,"column":2},"end":{"line":15,"column":null}},"type":"if","locations":[{"start":{"line":15,"column":2},"end":{"line":15,"column":null}}]},"4":{"loc":{"start":{"line":24,"column":2},"end":{"line":24,"column":null}},"type":"if","locations":[{"start":{"line":24,"column":2},"end":{"line":24,"column":null}}]},"5":{"loc":{"start":{"line":24,"column":6},"end":{"line":24,"column":48}},"type":"binary-expr","locations":[{"start":{"line":24,"column":6},"end":{"line":24,"column":15}},{"start":{"line":24,"column":19},"end":{"line":24,"column":28}},{"start":{"line":24,"column":32},"end":{"line":24,"column":48}}]},"6":{"loc":{"start":{"line":25,"column":2},"end":{"line":25,"column":null}},"type":"if","locations":[{"start":{"line":25,"column":2},"end":{"line":25,"column":null}}]},"7":{"loc":{"start":{"line":27,"column":2},"end":{"line":27,"column":null}},"type":"if","locations":[{"start":{"line":27,"column":2},"end":{"line":27,"column":null}}]},"8":{"loc":{"start":{"line":43,"column":2},"end":{"line":43,"column":null}},"type":"if","locations":[{"start":{"line":43,"column":2},"end":{"line":43,"column":null}}]},"9":{"loc":{"start":{"line":55,"column":2},"end":{"line":55,"column":null}},"type":"if","locations":[{"start":{"line":55,"column":2},"end":{"line":55,"column":null}}]},"10":{"loc":{"start":{"line":57,"column":2},"end":{"line":57,"column":null}},"type":"if","locations":[{"start":{"line":57,"column":2},"end":{"line":57,"column":null}}]}},"s":{"0":1,"1":1,"2":1,"3":1,"4":1,"5":0,"6":0,"7":0,"8":0,"9":0,"10":0,"11":0,"12":0,"13":0,"14":0,"15":1,"16":1,"17":0,"18":0,"19":0,"20":0,"21":0,"22":0,"23":0,"24":0,"25":0,"26":1,"27":1,"28":0,"29":0,"30":0,"31":1,"32":1,"33":0,"34":0,"35":0,"36":0,"37":0,"38":0,"39":0,"40":0,"41":1,"42":1,"43":6,"44":0,"45":6,"46":6,"47":1,"48":5,"49":5,"50":5,"51":5,"52":0,"53":1},"f":{"0":0,"1":0,"2":0,"3":0,"4":6},"b":{"0":[0],"1":[0,0],"2":[0],"3":[0],"4":[0],"5":[0,0,0],"6":[0],"7":[0],"8":[0],"9":[0],"10":[1]}}
,"/Users/leslie/Desktop/GoingMerry/src/router/index.ts": {"path":"/Users/leslie/Desktop/GoingMerry/src/router/index.ts","statementMap":{"0":{"start":{"line":1,"column":0},"end":{"line":1,"column":19}},"1":{"start":{"line":2,"column":0},"end":{"line":2,"column":23}},"2":{"start":{"line":6,"column":18},"end":{"line":13,"column":1}},"3":{"start":{"line":7,"column":2},"end":{"line":12,"column":null}},"4":{"start":{"line":8,"column":4},"end":{"line":8,"column":37}},"5":{"start":{"line":8,"column":31},"end":{"line":8,"column":37}},"6":{"start":{"line":9,"column":27},"end":{"line":9,"column":72}},"7":{"start":{"line":10,"column":4},"end":{"line":10,"column":null}},"8":{"start":{"line":11,"column":4},"end":{"line":11,"column":null}},"9":{"start":{"line":15,"column":0},"end":{"line":15,"column":null}}},"fnMap":{"0":{"name":"(anonymous_1)","decl":{"start":{"line":6,"column":18},"end":{"line":6,"column":19}},"loc":{"start":{"line":6,"column":31},"end":{"line":13,"column":1}}},"1":{"name":"(anonymous_2)","decl":{"start":{"line":7,"column":36},"end":{"line":7,"column":37}},"loc":{"start":{"line":7,"column":47},"end":{"line":12,"column":3}}}},"branchMap":{"0":{"loc":{"start":{"line":8,"column":4},"end":{"line":8,"column":37}},"type":"if","locations":[{"start":{"line":8,"column":4},"end":{"line":8,"column":37}}]}},"s":{"0":1,"1":1,"2":1,"3":1,"4":3,"5":1,"6":2,"7":2,"8":2,"9":1},"f":{"0":1,"1":3},"b":{"0":[1]}}
,"/Users/leslie/Desktop/GoingMerry/src/router/blog/index.ts": {"path":"/Users/leslie/Desktop/GoingMerry/src/router/blog/index.ts","statementMap":{"0":{"start":{"line":1,"column":0},"end":{"line":1,"column":31}},"1":{"start":{"line":2,"column":0},"end":{"line":2,"column":52}},"2":{"start":{"line":3,"column":0},"end":{"line":3,"column":82}},"3":{"start":{"line":4,"column":0},"end":{"line":4,"column":61}},"4":{"start":{"line":6,"column":19},"end":{"line":6,"column":50}},"5":{"start":{"line":8,"column":0},"end":{"line":8,"column":null}},"6":{"start":{"line":9,"column":0},"end":{"line":9,"column":null}},"7":{"start":{"line":10,"column":0},"end":{"line":10,"column":null}},"8":{"start":{"line":10,"column":38},"end":{"line":10,"column":66}},"9":{"start":{"line":11,"column":0},"end":{"line":11,"column":null}},"10":{"start":{"line":11,"column":40},"end":{"line":11,"column":64}},"11":{"start":{"line":12,"column":0},"end":{"line":12,"column":null}},"12":{"start":{"line":12,"column":41},"end":{"line":12,"column":65}},"13":{"start":{"line":14,"column":0},"end":{"line":14,"column":null}}},"fnMap":{"0":{"name":"(anonymous_1)","decl":{"start":{"line":10,"column":23},"end":{"line":10,"column":28}},"loc":{"start":{"line":10,"column":38},"end":{"line":10,"column":66}}},"1":{"name":"(anonymous_2)","decl":{"start":{"line":11,"column":25},"end":{"line":11,"column":30}},"loc":{"start":{"line":11,"column":40},"end":{"line":11,"column":64}}},"2":{"name":"(anonymous_3)","decl":{"start":{"line":12,"column":26},"end":{"line":12,"column":31}},"loc":{"start":{"line":12,"column":41},"end":{"line":12,"column":65}}}},"branchMap":{},"s":{"0":1,"1":1,"2":1,"3":1,"4":1,"5":1,"6":1,"7":1,"8":0,"9":1,"10":0,"11":1,"12":0,"13":1},"f":{"0":0,"1":0,"2":0},"b":{}}
,"/Users/leslie/Desktop/GoingMerry/src/router/user/index.ts": {"path":"/Users/leslie/Desktop/GoingMerry/src/router/user/index.ts","statementMap":{"0":{"start":{"line":1,"column":0},"end":{"line":1,"column":31}},"1":{"start":{"line":2,"column":0},"end":{"line":2,"column":91}},"2":{"start":{"line":3,"column":0},"end":{"line":3,"column":70}},"3":{"start":{"line":6,"column":52},"end":{"line":6,"column":83}},"4":{"start":{"line":8,"column":0},"end":{"line":8,"column":null}},"5":{"start":{"line":10,"column":0},"end":{"line":10,"column":null}},"6":{"start":{"line":12,"column":0},"end":{"line":12,"column":null}},"7":{"start":{"line":14,"column":0},"end":{"line":14,"column":null}}},"fnMap":{},"branchMap":{},"s":{"0":1,"1":1,"2":1,"3":1,"4":1,"5":1,"6":1,"7":1},"f":{},"b":{}}
,"/Users/leslie/Desktop/GoingMerry/src/service/blog.service.ts": {"path":"/Users/leslie/Desktop/GoingMerry/src/service/blog.service.ts","statementMap":{"0":{"start":{"line":1,"column":0},"end":{"line":1,"column":36}},"1":{"start":{"line":4,"column":27},"end":{"line":18,"column":1}},"2":{"start":{"line":5,"column":20},"end":{"line":16,"column":null}},"3":{"start":{"line":17,"column":2},"end":{"line":17,"column":null}},"4":{"start":{"line":4,"column":13},"end":{"line":4,"column":27}},"5":{"start":{"line":20,"column":26},"end":{"line":24,"column":1}},"6":{"start":{"line":21,"column":43},"end":{"line":21,"column":49}},"7":{"start":{"line":22,"column":20},"end":{"line":22,"column":91}},"8":{"start":{"line":23,"column":2},"end":{"line":23,"column":null}},"9":{"start":{"line":20,"column":13},"end":{"line":20,"column":26}}},"fnMap":{"0":{"name":"(anonymous_1)","decl":{"start":{"line":4,"column":27},"end":{"line":4,"column":32}},"loc":{"start":{"line":4,"column":70},"end":{"line":18,"column":1}}},"1":{"name":"(anonymous_2)","decl":{"start":{"line":20,"column":26},"end":{"line":20,"column":31}},"loc":{"start":{"line":20,"column":82},"end":{"line":24,"column":1}}}},"branchMap":{"0":{"loc":{"start":{"line":5,"column":20},"end":{"line":16,"column":null}},"type":"cond-expr","locations":[{"start":{"line":6,"column":6},"end":{"line":11,"column":null}},{"start":{"line":12,"column":6},"end":{"line":16,"column":null}}]}},"s":{"0":1,"1":1,"2":0,"3":0,"4":1,"5":1,"6":1,"7":1,"8":1,"9":1},"f":{"0":0,"1":1},"b":{"0":[0,0]}}
,"/Users/leslie/Desktop/GoingMerry/src/service/index.ts": {"path":"/Users/leslie/Desktop/GoingMerry/src/service/index.ts","statementMap":{"0":{"start":{"line":1,"column":0},"end":{"line":1,"column":30}}},"fnMap":{},"branchMap":{},"s":{"0":1},"f":{},"b":{}}
,"/Users/leslie/Desktop/GoingMerry/src/service/user.service.ts": {"path":"/Users/leslie/Desktop/GoingMerry/src/service/user.service.ts","statementMap":{"0":{"start":{"line":1,"column":0},"end":{"line":1,"column":36}},"1":{"start":{"line":11,"column":27},"end":{"line":19,"column":1}},"2":{"start":{"line":12,"column":20},"end":{"line":16,"column":null}},"3":{"start":{"line":17,"column":16},"end":{"line":17,"column":60}},"4":{"start":{"line":18,"column":2},"end":{"line":18,"column":null}},"5":{"start":{"line":11,"column":13},"end":{"line":11,"column":27}},"6":{"start":{"line":21,"column":26},"end":{"line":26,"column":1}},"7":{"start":{"line":22,"column":20},"end":{"line":22,"column":75}},"8":{"start":{"line":23,"column":16},"end":{"line":23,"column":58}},"9":{"start":{"line":25,"column":2},"end":{"line":25,"column":null}},"10":{"start":{"line":21,"column":13},"end":{"line":21,"column":26}}},"fnMap":{"0":{"name":"(anonymous_1)","decl":{"start":{"line":11,"column":27},"end":{"line":11,"column":32}},"loc":{"start":{"line":11,"column":76},"end":{"line":19,"column":1}}},"1":{"name":"(anonymous_2)","decl":{"start":{"line":21,"column":26},"end":{"line":21,"column":31}},"loc":{"start":{"line":21,"column":89},"end":{"line":26,"column":1}}}},"branchMap":{"0":{"loc":{"start":{"line":18,"column":9},"end":{"line":18,"column":35}},"type":"cond-expr","locations":[{"start":{"line":18,"column":22},"end":{"line":18,"column":28}},{"start":{"line":18,"column":31},"end":{"line":18,"column":35}}]}},"s":{"0":1,"1":1,"2":0,"3":0,"4":0,"5":1,"6":1,"7":0,"8":0,"9":0,"10":1},"f":{"0":0,"1":0},"b":{"0":[0,0]}}
,"/Users/leslie/Desktop/GoingMerry/src/utils/encrypt.ts": {"path":"/Users/leslie/Desktop/GoingMerry/src/utils/encrypt.ts","statementMap":{"0":{"start":{"line":1,"column":0},"end":{"line":1,"column":35}},"1":{"start":{"line":3,"column":23},"end":{"line":7,"column":1}},"2":{"start":{"line":4,"column":2},"end":{"line":6,"column":null}},"3":{"start":{"line":3,"column":13},"end":{"line":3,"column":23}}},"fnMap":{"0":{"name":"(anonymous_0)","decl":{"start":{"line":3,"column":23},"end":{"line":3,"column":24}},"loc":{"start":{"line":3,"column":44},"end":{"line":7,"column":1}}}},"branchMap":{},"s":{"0":1,"1":1,"2":0,"3":1},"f":{"0":0},"b":{}}
,"/Users/leslie/Desktop/GoingMerry/src/utils/index.ts": {"path":"/Users/leslie/Desktop/GoingMerry/src/utils/index.ts","statementMap":{"0":{"start":{"line":1,"column":0},"end":{"line":1,"column":25}},"1":{"start":{"line":2,"column":0},"end":{"line":2,"column":25}},"2":{"start":{"line":3,"column":0},"end":{"line":3,"column":27}},"3":{"start":{"line":4,"column":0},"end":{"line":4,"column":31}}},"fnMap":{},"branchMap":{},"s":{"0":1,"1":1,"2":1,"3":1},"f":{},"b":{}}
,"/Users/leslie/Desktop/GoingMerry/src/utils/useReturn.ts": {"path":"/Users/leslie/Desktop/GoingMerry/src/utils/useReturn.ts","statementMap":{"0":{"start":{"line":1,"column":25},"end":{"line":3,"column":1}},"1":{"start":{"line":2,"column":2},"end":{"line":2,"column":null}},"2":{"start":{"line":1,"column":13},"end":{"line":1,"column":25}},"3":{"start":{"line":5,"column":32},"end":{"line":7,"column":1}},"4":{"start":{"line":6,"column":2},"end":{"line":6,"column":null}},"5":{"start":{"line":5,"column":13},"end":{"line":5,"column":32}},"6":{"start":{"line":9,"column":30},"end":{"line":11,"column":1}},"7":{"start":{"line":10,"column":2},"end":{"line":10,"column":null}},"8":{"start":{"line":9,"column":13},"end":{"line":9,"column":30}}},"fnMap":{"0":{"name":"(anonymous_0)","decl":{"start":{"line":1,"column":25},"end":{"line":1,"column":37}},"loc":{"start":{"line":1,"column":78},"end":{"line":3,"column":1}}},"1":{"name":"(anonymous_1)","decl":{"start":{"line":5,"column":32},"end":{"line":5,"column":46}},"loc":{"start":{"line":5,"column":77},"end":{"line":7,"column":1}}},"2":{"name":"(anonymous_2)","decl":{"start":{"line":9,"column":30},"end":{"line":9,"column":31}},"loc":{"start":{"line":9,"column":50},"end":{"line":11,"column":1}}}},"branchMap":{"0":{"loc":{"start":{"line":6,"column":22},"end":{"line":6,"column":34}},"type":"binary-expr","locations":[{"start":{"line":6,"column":22},"end":{"line":6,"column":28}},{"start":{"line":6,"column":32},"end":{"line":6,"column":34}}]},"1":{"loc":{"start":{"line":6,"column":36},"end":{"line":6,"column":57}},"type":"binary-expr","locations":[{"start":{"line":6,"column":36},"end":{"line":6,"column":43}},{"start":{"line":6,"column":47},"end":{"line":6,"column":57}}]}},"s":{"0":1,"1":12,"2":1,"3":1,"4":2,"5":1,"6":1,"7":10,"8":1},"f":{"0":12,"1":2,"2":10},"b":{"0":[2,2],"1":[2,0]}}
,"/Users/leslie/Desktop/GoingMerry/src/utils/useTest.ts": {"path":"/Users/leslie/Desktop/GoingMerry/src/utils/useTest.ts","statementMap":{"0":{"start":{"line":1,"column":0},"end":{"line":1,"column":41}},"1":{"start":{"line":2,"column":0},"end":{"line":2,"column":35}},"2":{"start":{"line":3,"column":0},"end":{"line":3,"column":23}},"3":{"start":{"line":4,"column":0},"end":{"line":4,"column":42}},"4":{"start":{"line":8,"column":17},"end":{"line":14,"column":1}},"5":{"start":{"line":9,"column":16},"end":{"line":12,"column":4}},"6":{"start":{"line":13,"column":2},"end":{"line":13,"column":null}},"7":{"start":{"line":16,"column":23},"end":{"line":53,"column":1}},"8":{"start":{"line":17,"column":2},"end":{"line":52,"column":null}},"9":{"start":{"line":19,"column":6},"end":{"line":23,"column":null}},"10":{"start":{"line":20,"column":20},"end":{"line":20,"column":80}},"11":{"start":{"line":21,"column":8},"end":{"line":21,"column":null}},"12":{"start":{"line":21,"column":21},"end":{"line":21,"column":null}},"13":{"start":{"line":22,"column":8},"end":{"line":22,"column":null}},"14":{"start":{"line":26,"column":6},"end":{"line":30,"column":null}},"15":{"start":{"line":27,"column":20},"end":{"line":27,"column":64}},"16":{"start":{"line":28,"column":8},"end":{"line":28,"column":null}},"17":{"start":{"line":28,"column":21},"end":{"line":28,"column":null}},"18":{"start":{"line":29,"column":8},"end":{"line":29,"column":null}},"19":{"start":{"line":33,"column":6},"end":{"line":37,"column":null}},"20":{"start":{"line":34,"column":20},"end":{"line":34,"column":79}},"21":{"start":{"line":35,"column":8},"end":{"line":35,"column":null}},"22":{"start":{"line":35,"column":21},"end":{"line":35,"column":null}},"23":{"start":{"line":36,"column":8},"end":{"line":36,"column":null}},"24":{"start":{"line":40,"column":6},"end":{"line":44,"column":null}},"25":{"start":{"line":41,"column":20},"end":{"line":41,"column":82}},"26":{"start":{"line":42,"column":8},"end":{"line":42,"column":null}},"27":{"start":{"line":42,"column":21},"end":{"line":42,"column":null}},"28":{"start":{"line":43,"column":8},"end":{"line":43,"column":null}},"29":{"start":{"line":47,"column":6},"end":{"line":51,"column":null}},"30":{"start":{"line":48,"column":20},"end":{"line":48,"column":80}},"31":{"start":{"line":49,"column":8},"end":{"line":49,"column":null}},"32":{"start":{"line":49,"column":21},"end":{"line":49,"column":null}},"33":{"start":{"line":50,"column":8},"end":{"line":50,"column":null}},"34":{"start":{"line":16,"column":13},"end":{"line":16,"column":23}}},"fnMap":{"0":{"name":"(anonymous_1)","decl":{"start":{"line":8,"column":17},"end":{"line":8,"column":18}},"loc":{"start":{"line":8,"column":31},"end":{"line":14,"column":1}}},"1":{"name":"(anonymous_2)","decl":{"start":{"line":16,"column":23},"end":{"line":16,"column":42}},"loc":{"start":{"line":16,"column":90},"end":{"line":53,"column":1}}},"2":{"name":"(anonymous_3)","decl":{"start":{"line":19,"column":13},"end":{"line":19,"column":14}},"loc":{"start":{"line":19,"column":80},"end":{"line":23,"column":7}}},"3":{"name":"(anonymous_4)","decl":{"start":{"line":26,"column":13},"end":{"line":26,"column":14}},"loc":{"start":{"line":26,"column":80},"end":{"line":30,"column":7}}},"4":{"name":"(anonymous_5)","decl":{"start":{"line":33,"column":13},"end":{"line":33,"column":14}},"loc":{"start":{"line":33,"column":80},"end":{"line":37,"column":7}}},"5":{"name":"(anonymous_6)","decl":{"start":{"line":40,"column":13},"end":{"line":40,"column":14}},"loc":{"start":{"line":40,"column":80},"end":{"line":44,"column":7}}},"6":{"name":"(anonymous_7)","decl":{"start":{"line":47,"column":13},"end":{"line":47,"column":14}},"loc":{"start":{"line":47,"column":80},"end":{"line":51,"column":7}}}},"branchMap":{"0":{"loc":{"start":{"line":17,"column":2},"end":{"line":52,"column":null}},"type":"switch","locations":[{"start":{"line":18,"column":4},"end":{"line":23,"column":null}},{"start":{"line":25,"column":4},"end":{"line":30,"column":null}},{"start":{"line":32,"column":4},"end":{"line":37,"column":null}},{"start":{"line":39,"column":4},"end":{"line":44,"column":null}},{"start":{"line":46,"column":4},"end":{"line":51,"column":null}}]},"1":{"loc":{"start":{"line":18,"column":9},"end":{"line":18,"column":23}},"type":"binary-expr","locations":[{"start":{"line":18,"column":9},"end":{"line":18,"column":14}},{"start":{"line":18,"column":18},"end":{"line":18,"column":23}}]},"2":{"loc":{"start":{"line":19,"column":14},"end":{"line":19,"column":50}},"type":"default-arg","locations":[{"start":{"line":19,"column":38},"end":{"line":19,"column":50}}]},"3":{"loc":{"start":{"line":19,"column":38},"end":{"line":19,"column":50}},"type":"binary-expr","locations":[{"start":{"line":19,"column":38},"end":{"line":19,"column":44}},{"start":{"line":19,"column":48},"end":{"line":19,"column":50}}]},"4":{"loc":{"start":{"line":19,"column":52},"end":{"line":19,"column":76}},"type":"default-arg","locations":[{"start":{"line":19,"column":71},"end":{"line":19,"column":76}}]},"5":{"loc":{"start":{"line":20,"column":59},"end":{"line":20,"column":79}},"type":"binary-expr","locations":[{"start":{"line":20,"column":59},"end":{"line":20,"column":63}},{"start":{"line":20,"column":67},"end":{"line":20,"column":73}},{"start":{"line":20,"column":77},"end":{"line":20,"column":79}}]},"6":{"loc":{"start":{"line":21,"column":8},"end":{"line":21,"column":null}},"type":"if","locations":[{"start":{"line":21,"column":8},"end":{"line":21,"column":null}}]},"7":{"loc":{"start":{"line":25,"column":9},"end":{"line":25,"column":25}},"type":"binary-expr","locations":[{"start":{"line":25,"column":9},"end":{"line":25,"column":15}},{"start":{"line":25,"column":19},"end":{"line":25,"column":25}}]},"8":{"loc":{"start":{"line":26,"column":14},"end":{"line":26,"column":50}},"type":"default-arg","locations":[{"start":{"line":26,"column":38},"end":{"line":26,"column":50}}]},"9":{"loc":{"start":{"line":26,"column":38},"end":{"line":26,"column":50}},"type":"binary-expr","locations":[{"start":{"line":26,"column":38},"end":{"line":26,"column":44}},{"start":{"line":26,"column":48},"end":{"line":26,"column":50}}]},"10":{"loc":{"start":{"line":26,"column":52},"end":{"line":26,"column":76}},"type":"default-arg","locations":[{"start":{"line":26,"column":71},"end":{"line":26,"column":76}}]},"11":{"loc":{"start":{"line":28,"column":8},"end":{"line":28,"column":null}},"type":"if","locations":[{"start":{"line":28,"column":8},"end":{"line":28,"column":null}}]},"12":{"loc":{"start":{"line":32,"column":9},"end":{"line":32,"column":23}},"type":"binary-expr","locations":[{"start":{"line":32,"column":9},"end":{"line":32,"column":14}},{"start":{"line":32,"column":18},"end":{"line":32,"column":23}}]},"13":{"loc":{"start":{"line":33,"column":14},"end":{"line":33,"column":50}},"type":"default-arg","locations":[{"start":{"line":33,"column":38},"end":{"line":33,"column":50}}]},"14":{"loc":{"start":{"line":33,"column":38},"end":{"line":33,"column":50}},"type":"binary-expr","locations":[{"start":{"line":33,"column":38},"end":{"line":33,"column":44}},{"start":{"line":33,"column":48},"end":{"line":33,"column":50}}]},"15":{"loc":{"start":{"line":33,"column":52},"end":{"line":33,"column":76}},"type":"default-arg","locations":[{"start":{"line":33,"column":71},"end":{"line":33,"column":76}}]},"16":{"loc":{"start":{"line":34,"column":58},"end":{"line":34,"column":78}},"type":"binary-expr","locations":[{"start":{"line":34,"column":58},"end":{"line":34,"column":62}},{"start":{"line":34,"column":66},"end":{"line":34,"column":72}},{"start":{"line":34,"column":76},"end":{"line":34,"column":78}}]},"17":{"loc":{"start":{"line":35,"column":8},"end":{"line":35,"column":null}},"type":"if","locations":[{"start":{"line":35,"column":8},"end":{"line":35,"column":null}}]},"18":{"loc":{"start":{"line":39,"column":9},"end":{"line":39,"column":29}},"type":"binary-expr","locations":[{"start":{"line":39,"column":9},"end":{"line":39,"column":17}},{"start":{"line":39,"column":21},"end":{"line":39,"column":29}}]},"19":{"loc":{"start":{"line":40,"column":14},"end":{"line":40,"column":50}},"type":"default-arg","locations":[{"start":{"line":40,"column":38},"end":{"line":40,"column":50}}]},"20":{"loc":{"start":{"line":40,"column":38},"end":{"line":40,"column":50}},"type":"binary-expr","locations":[{"start":{"line":40,"column":38},"end":{"line":40,"column":44}},{"start":{"line":40,"column":48},"end":{"line":40,"column":50}}]},"21":{"loc":{"start":{"line":40,"column":52},"end":{"line":40,"column":76}},"type":"default-arg","locations":[{"start":{"line":40,"column":71},"end":{"line":40,"column":76}}]},"22":{"loc":{"start":{"line":41,"column":61},"end":{"line":41,"column":81}},"type":"binary-expr","locations":[{"start":{"line":41,"column":61},"end":{"line":41,"column":65}},{"start":{"line":41,"column":69},"end":{"line":41,"column":75}},{"start":{"line":41,"column":79},"end":{"line":41,"column":81}}]},"23":{"loc":{"start":{"line":42,"column":8},"end":{"line":42,"column":null}},"type":"if","locations":[{"start":{"line":42,"column":8},"end":{"line":42,"column":null}}]},"24":{"loc":{"start":{"line":47,"column":14},"end":{"line":47,"column":50}},"type":"default-arg","locations":[{"start":{"line":47,"column":38},"end":{"line":47,"column":50}}]},"25":{"loc":{"start":{"line":47,"column":38},"end":{"line":47,"column":50}},"type":"binary-expr","locations":[{"start":{"line":47,"column":38},"end":{"line":47,"column":44}},{"start":{"line":47,"column":48},"end":{"line":47,"column":50}}]},"26":{"loc":{"start":{"line":47,"column":52},"end":{"line":47,"column":76}},"type":"default-arg","locations":[{"start":{"line":47,"column":71},"end":{"line":47,"column":76}}]},"27":{"loc":{"start":{"line":48,"column":59},"end":{"line":48,"column":79}},"type":"binary-expr","locations":[{"start":{"line":48,"column":59},"end":{"line":48,"column":63}},{"start":{"line":48,"column":67},"end":{"line":48,"column":73}},{"start":{"line":48,"column":77},"end":{"line":48,"column":79}}]},"28":{"loc":{"start":{"line":49,"column":8},"end":{"line":49,"column":null}},"type":"if","locations":[{"start":{"line":49,"column":8},"end":{"line":49,"column":null}}]}},"s":{"0":1,"1":1,"2":1,"3":1,"4":1,"5":5,"6":5,"7":1,"8":1,"9":0,"10":0,"11":0,"12":0,"13":0,"14":1,"15":6,"16":6,"17":5,"18":6,"19":0,"20":0,"21":0,"22":0,"23":0,"24":0,"25":0,"26":0,"27":0,"28":0,"29":0,"30":0,"31":0,"32":0,"33":0,"34":1},"f":{"0":5,"1":1,"2":0,"3":6,"4":0,"5":0,"6":0},"b":{"0":[0,1,0,0,0],"1":[1,0],"2":[0],"3":[0,0],"4":[0],"5":[0,0,0],"6":[0],"7":[1,0],"8":[1],"9":[1,1],"10":[1],"11":[5],"12":[0,0],"13":[0],"14":[0,0],"15":[0],"16":[0,0,0],"17":[0],"18":[0,0],"19":[0],"20":[0,0],"21":[0],"22":[0,0,0],"23":[0],"24":[0],"25":[0,0],"26":[0],"27":[0,0,0],"28":[0]}}
,"/Users/leslie/Desktop/GoingMerry/src/utils/useThrowError.ts": {"path":"/Users/leslie/Desktop/GoingMerry/src/utils/useThrowError.ts","statementMap":{"0":{"start":{"line":4,"column":29},"end":{"line":6,"column":1}},"1":{"start":{"line":5,"column":2},"end":{"line":5,"column":null}},"2":{"start":{"line":4,"column":13},"end":{"line":4,"column":29}}},"fnMap":{"0":{"name":"(anonymous_0)","decl":{"start":{"line":4,"column":29},"end":{"line":4,"column":30}},"loc":{"start":{"line":4,"column":71},"end":{"line":6,"column":1}}}},"branchMap":{},"s":{"0":1,"1":5,"2":1},"f":{"0":5},"b":{}}
}
